[  0%] Built target std_msgs_generate_messages_nodejs
[  0%] Built target std_msgs_generate_messages_cpp
[  0%] Built target std_msgs_generate_messages_py
[  0%] Built target geometry_msgs_generate_messages_eus
[  0%] Built target geometry_msgs_generate_messages_lisp
[  0%] Built target geometry_msgs_generate_messages_cpp
[  0%] Built target geometry_msgs_generate_messages_nodejs
[  0%] Built target std_msgs_generate_messages_eus
[  0%] Built target std_msgs_generate_messages_lisp
[  0%] Built target geometry_msgs_generate_messages_py
[  9%] Built target rosaria_gencfg
[  9%] Built target _rosaria_generate_messages_check_deps_BumperState
[ 54%] Built target rosaria_generate_messages_lisp
[ 54%] Built target rosaria_generate_messages_cpp
[ 72%] Built target rosaria_generate_messages_py
[ 63%] Built target rosaria_generate_messages_eus
[ 72%] Built target rosaria_generate_messages_nodejs
[ 72%] Built target rosaria_gencpp
[35m[1mScanning dependencies of target RosAria[0m
[ 72%] Built target rosaria_generate_messages
[ 81%] [32mBuilding CXX object CMakeFiles/RosAria.dir/RosAria.cpp.o[0m
[ 90%] [32m[1mLinking CXX executable /home/lauragaspar/catkin_pioneer/devel/.private/rosaria/lib/rosaria/RosAria[0m
[100%] Built target RosAria
