[  0%] Built target geometry_msgs_generate_messages_py
[  0%] Built target geometry_msgs_generate_messages_cpp
[  0%] Built target std_msgs_generate_messages_py
[  0%] Built target std_msgs_generate_messages_eus
[  0%] Built target geometry_msgs_generate_messages_eus
[  0%] Built target std_msgs_generate_messages_cpp
[  0%] Built target geometry_msgs_generate_messages_nodejs
[  0%] Built target std_msgs_generate_messages_nodejs
[  0%] Built target std_msgs_generate_messages_lisp
[  0%] Built target geometry_msgs_generate_messages_lisp
[  9%] Built target rosaria_gencfg
[  9%] Built target _rosaria_generate_messages_check_deps_BumperState
[ 45%] Built target rosaria_generate_messages_py
[ 45%] Built target rosaria_generate_messages_nodejs
[ 45%] Built target rosaria_generate_messages_cpp
[ 63%] Built target rosaria_generate_messages_eus
[ 72%] Built target rosaria_generate_messages_lisp
[ 72%] Built target rosaria_gencpp
[ 72%] Built target rosaria_generate_messages
[ 81%] [32mBuilding CXX object CMakeFiles/RosAria.dir/RosAria.cpp.o[0m
[01m[K/home/lauragaspar/catkin_pioneer/src/Pioneer_P3_DX2_packages_ROS_Noetic/Pioneer_P3_DX2_packages_ROS_Noetic/rosaria/RosAria.cpp:6:12:[m[K [01;31m[Kfatal error: [m[KAria.h: No such file or directory
    6 |   #include [01;31m[K<Aria.h>[m[K
      |            [01;31m[K^~~~~~~~[m[K
compilation terminated.
make[2]: *** [CMakeFiles/RosAria.dir/build.make:63: CMakeFiles/RosAria.dir/RosAria.cpp.o] Error 1
make[1]: *** [CMakeFiles/Makefile2:848: CMakeFiles/RosAria.dir/all] Error 2
make: *** [Makefile:141: all] Error 2
