[  0%] Built target std_msgs_generate_messages_nodejs
[  0%] Built target geometry_msgs_generate_messages_py
[  0%] Built target std_msgs_generate_messages_eus
[  0%] Built target geometry_msgs_generate_messages_cpp
[  0%] Built target std_msgs_generate_messages_cpp
[  0%] Built target geometry_msgs_generate_messages_eus
[  0%] Built target geometry_msgs_generate_messages_nodejs
[  0%] Built target std_msgs_generate_messages_py
[  9%] Built target rosaria_gencfg
[  9%] Built target geometry_msgs_generate_messages_lisp
[  9%] Built target std_msgs_generate_messages_lisp
[  9%] Built target _rosaria_generate_messages_check_deps_BumperState
[ 36%] Built target rosaria_generate_messages_py
[ 36%] Built target rosaria_generate_messages_lisp
[ 45%] Built target rosaria_generate_messages_nodejs
[ 63%] Built target rosaria_generate_messages_eus
[ 72%] Built target rosaria_generate_messages_cpp
[ 72%] Built target rosaria_generate_messages
[ 72%] Built target rosaria_gencpp
[100%] Built target RosAria
